<?xml version="1.0" encoding="UTF-8"?>
<!-- Generated by org.testng.reporters.JUnitXMLReporter -->
<testsuite ignored="0" hostname="DESKTOP-GH10MGB" failures="0" tests="4" name="Test" time="0.032" errors="0" timestamp="2022-07-08T13:05:23 IST">
  <testcase classname="Care.Mavenjava.SeleniumTest" name="BrowserAutomation" time="0.0"/>
  <testcase classname="Care.Mavenjava.SeleniumTest" name="elementsUI" time="0.0"/>
  <testcase classname="Care.Mavenjava.RestAPITest" name="deleteTwitter" time="0.0"/>
  <testcase classname="Care.Mavenjava.RestAPITest" name="postJira" time="0.0"/>
</testsuite> <!-- Test -->
