<?xml version="1.0" encoding="UTF-8"?>
<testng-results ignored="0" total="4" passed="4" failed="0" skipped="0">
  <reporter-output>
  </reporter-output>
  <suite started-at="2022-07-08T13:05:23 IST" name="Suite" finished-at="2022-07-08T13:05:23 IST" duration-ms="32">
    <groups>
    </groups>
    <test started-at="2022-07-08T13:05:23 IST" name="Test" finished-at="2022-07-08T13:05:23 IST" duration-ms="32">
      <class name="Care.Mavenjava.RestAPITest">
        <test-method signature="deleteTwitter()[pri:0, instance:Care.Mavenjava.RestAPITest@52af26ee]" started-at="2022-07-08T13:05:23 IST" name="deleteTwitter" finished-at="2022-07-08T13:05:23 IST" duration-ms="0" status="PASS">
          <reporter-output>
          </reporter-output>
        </test-method> <!-- deleteTwitter -->
        <test-method signature="postJira()[pri:0, instance:Care.Mavenjava.RestAPITest@52af26ee]" started-at="2022-07-08T13:05:23 IST" name="postJira" finished-at="2022-07-08T13:05:23 IST" duration-ms="0" status="PASS">
          <reporter-output>
          </reporter-output>
        </test-method> <!-- postJira -->
      </class> <!-- Care.Mavenjava.RestAPITest -->
      <class name="Care.Mavenjava.SeleniumTest">
        <test-method signature="BrowserAutomation()[pri:0, instance:Care.Mavenjava.SeleniumTest@66d3eec0]" started-at="2022-07-08T13:05:23 IST" name="BrowserAutomation" finished-at="2022-07-08T13:05:23 IST" duration-ms="0" status="PASS">
          <reporter-output>
          </reporter-output>
        </test-method> <!-- BrowserAutomation -->
        <test-method signature="elementsUI()[pri:0, instance:Care.Mavenjava.SeleniumTest@66d3eec0]" started-at="2022-07-08T13:05:23 IST" name="elementsUI" finished-at="2022-07-08T13:05:23 IST" duration-ms="0" status="PASS">
          <reporter-output>
          </reporter-output>
        </test-method> <!-- elementsUI -->
      </class> <!-- Care.Mavenjava.SeleniumTest -->
    </test> <!-- Test -->
  </suite> <!-- Suite -->
</testng-results>
