<?xml version="1.0" encoding="UTF-8"?>
<testng-results ignored="0" total="1" passed="1" failed="0" skipped="0">
  <reporter-output>
  </reporter-output>
  <suite started-at="2022-07-08T11:40:40 IST" name="Default suite" finished-at="2022-07-08T11:40:40 IST" duration-ms="36">
    <groups>
    </groups>
    <test started-at="2022-07-08T11:40:40 IST" name="Default test" finished-at="2022-07-08T11:40:40 IST" duration-ms="36">
      <class name="Care.Mavenjava.SeleniumTest">
        <test-method signature="elementsUI()[pri:0, instance:Care.Mavenjava.SeleniumTest@2b91004a]" started-at="2022-07-08T11:40:40 IST" name="elementsUI" finished-at="2022-07-08T11:40:40 IST" duration-ms="6" status="PASS">
          <reporter-output>
          </reporter-output>
        </test-method> <!-- elementsUI -->
      </class> <!-- Care.Mavenjava.SeleniumTest -->
    </test> <!-- Default test -->
  </suite> <!-- Default suite -->
</testng-results>
